LC_PAPER=en_GB.UTF-8
LC_ADDRESS=en_GB.UTF-8
LC_MONETARY=en_GB.UTF-8
TERM=xterm
SHELL=/bin/bash
ROS_ROOT=/opt/ros/fuerte/share/ros
XDG_SESSION_COOKIE=b922fcc58c98f2ff4ab834374e0c4e80-1359632657.712840-1889090508
SSH_CLIENT=192.168.1.100 37125 22
ROSLAUNCH_SSH_UNKNOWN=1
ROSLISP_PACKAGE_DIRECTORY=/opt/ros/fuerte/share/common-lisp/ros
ROS_PACKAGE_PATH=/home/attilio/ROS_WORKSPACE:/opt/ros/fuerte/share:/opt/ros/fuerte/stacks:/home/attilio/ROS_WORKSPACE/Saetta_Base:/home/attilio/ROS_WORKSPACE/beginner_tutorials:/opt/ros/fuerte/stacks/bosch_drivers
ROS_MASTER_URI=http://Sciame-Server:11311/
LC_NUMERIC=en_GB.UTF-8
OLDPWD=/home/attilio
SSH_TTY=/dev/pts/0
USER=attilio
ROS_WORKSPACE=/home/attilio/ROS_WORKSPACE
LD_LIBRARY_PATH=/usr/local/lib:/usr/lib:/opt/ros/fuerte/lib
LS_COLORS=rs=0:di=01;34:ln=01;36:hl=44;37:pi=40;33:so=01;35:do=01;35:bd=40;33;01:cd=40;33;01:or=40;31;01:su=37;41:sg=30;43:ca=30;41:tw=30;42:ow=34;42:st=37;44:ex=01;32:*.tar=01;31:*.tgz=01;31:*.arj=01;31:*.taz=01;31:*.lzh=01;31:*.lzma=01;31:*.zip=01;31:*.z=01;31:*.Z=01;31:*.dz=01;31:*.gz=01;31:*.bz2=01;31:*.bz=01;31:*.tbz2=01;31:*.tz=01;31:*.deb=01;31:*.rpm=01;31:*.jar=01;31:*.rar=01;31:*.ace=01;31:*.zoo=01;31:*.cpio=01;31:*.7z=01;31:*.rz=01;31:*.jpg=01;35:*.jpeg=01;35:*.gif=01;35:*.bmp=01;35:*.pbm=01;35:*.pgm=01;35:*.ppm=01;35:*.tga=01;35:*.xbm=01;35:*.xpm=01;35:*.tif=01;35:*.tiff=01;35:*.png=01;35:*.svg=01;35:*.svgz=01;35:*.mng=01;35:*.pcx=01;35:*.mov=01;35:*.mpg=01;35:*.mpeg=01;35:*.m2v=01;35:*.mkv=01;35:*.ogm=01;35:*.mp4=01;35:*.m4v=01;35:*.mp4v=01;35:*.vob=01;35:*.qt=01;35:*.nuv=01;35:*.wmv=01;35:*.asf=01;35:*.rm=01;35:*.rmvb=01;35:*.flc=01;35:*.avi=01;35:*.fli=01;35:*.flv=01;35:*.gl=01;35:*.dl=01;35:*.xcf=01;35:*.xwd=01;35:*.yuv=01;35:*.axv=01;35:*.anx=01;35:*.ogv=01;35:*.ogx=01;35:*.aac=00;36:*.au=00;36:*.flac=00;36:*.mid=00;36:*.midi=00;36:*.mka=00;36:*.mp3=00;36:*.mpc=00;36:*.ogg=00;36:*.ra=00;36:*.wav=00;36:*.axa=00;36:*.oga=00;36:*.spx=00;36:*.xspf=00;36:
LC_TELEPHONE=en_GB.UTF-8
MAIL=/var/mail/attilio
PATH=/home/attilio/bin:/opt/ros/fuerte/bin:/usr/local/sbin:/usr/local/bin:/usr/sbin:/usr/bin:/sbin:/bin:/usr/games
LC_IDENTIFICATION=en_GB.UTF-8
PWD=/home/attilio/RosSaettaVision
OLDPWDBAK=
LANG=en_US.UTF-8
LC_MEASUREMENT=en_GB.UTF-8
SPEECHD_PORT=7561
SHLVL=1
HOME=/home/attilio
ROS_DISTRO=fuerte
PYTHONPATH=/opt/ros/fuerte/lib/python2.6/dist-packages:
LOGNAME=attilio
SSH_CONNECTION=192.168.1.100 37125 192.168.1.2 22
PKG_CONFIG_PATH=/opt/ros/fuerte/lib/pkgconfig:
LESSOPEN=| /usr/bin/lesspipe %s
CMAKE_PREFIX_PATH=/opt/ros/fuerte/share/catkin/cmake/Modules:/opt/ros/fuerte:
LESSCLOSE=/usr/bin/lesspipe %s %s
LC_TIME=en_GB.UTF-8
ROS_ETC_DIR=/opt/ros/fuerte/etc/ros
LC_NAME=en_GB.UTF-8
_=/usr/bin/env
