ORBIT_SOCKETDIR=/tmp/orbit-attilio
SSH_AGENT_PID=6050
TERM=xterm
SHELL=/bin/bash
ROS_ROOT=/opt/ros/fuerte/share/ros
XDG_SESSION_COOKIE=b922fcc58c98f2ff4ab834374e0c4e80-1359562855.51840-590859709
ROSLAUNCH_SSH_UNKNOWN=1
ROSLISP_PACKAGE_DIRECTORY=/opt/ros/fuerte/share/common-lisp/ros
ROS_PACKAGE_PATH=/home/attilio/ROS_WORKSPACE:/opt/ros/fuerte/share:/opt/ros/fuerte/stacks:/home/attilio/ROS_WORKSPACE/Saetta_Base:/home/attilio/ROS_WORKSPACE/beginner_tutorials:/opt/ros/fuerte/stacks/bosch_drivers
ROS_MASTER_URI=http://Sciame-Server:11311/
WINDOWID=25173098
OLDPWD=/home/attilio/RosSaettaVision
GNOME_KEYRING_CONTROL=/tmp/keyring-evigmi
GTK_MODULES=canberra-gtk-module
USER=attilio
ROS_WORKSPACE=/home/attilio/ROS_WORKSPACE
LD_LIBRARY_PATH=/usr/local/lib:/usr/lib:/opt/ros/fuerte/lib
LS_COLORS=rs=0:di=01;34:ln=01;36:hl=44;37:pi=40;33:so=01;35:do=01;35:bd=40;33;01:cd=40;33;01:or=40;31;01:su=37;41:sg=30;43:ca=30;41:tw=30;42:ow=34;42:st=37;44:ex=01;32:*.tar=01;31:*.tgz=01;31:*.arj=01;31:*.taz=01;31:*.lzh=01;31:*.lzma=01;31:*.zip=01;31:*.z=01;31:*.Z=01;31:*.dz=01;31:*.gz=01;31:*.bz2=01;31:*.bz=01;31:*.tbz2=01;31:*.tz=01;31:*.deb=01;31:*.rpm=01;31:*.jar=01;31:*.rar=01;31:*.ace=01;31:*.zoo=01;31:*.cpio=01;31:*.7z=01;31:*.rz=01;31:*.jpg=01;35:*.jpeg=01;35:*.gif=01;35:*.bmp=01;35:*.pbm=01;35:*.pgm=01;35:*.ppm=01;35:*.tga=01;35:*.xbm=01;35:*.xpm=01;35:*.tif=01;35:*.tiff=01;35:*.png=01;35:*.svg=01;35:*.svgz=01;35:*.mng=01;35:*.pcx=01;35:*.mov=01;35:*.mpg=01;35:*.mpeg=01;35:*.m2v=01;35:*.mkv=01;35:*.ogm=01;35:*.mp4=01;35:*.m4v=01;35:*.mp4v=01;35:*.vob=01;35:*.qt=01;35:*.nuv=01;35:*.wmv=01;35:*.asf=01;35:*.rm=01;35:*.rmvb=01;35:*.flc=01;35:*.avi=01;35:*.fli=01;35:*.flv=01;35:*.gl=01;35:*.dl=01;35:*.xcf=01;35:*.xwd=01;35:*.yuv=01;35:*.axv=01;35:*.anx=01;35:*.ogv=01;35:*.ogx=01;35:*.aac=00;36:*.au=00;36:*.flac=00;36:*.mid=00;36:*.midi=00;36:*.mka=00;36:*.mp3=00;36:*.mpc=00;36:*.ogg=00;36:*.ra=00;36:*.wav=00;36:*.axa=00;36:*.oga=00;36:*.spx=00;36:*.xspf=00;36:
SSH_AUTH_SOCK=/tmp/keyring-evigmi/ssh
DEFAULTS_PATH=/usr/share/gconf/gnome.default.path
SESSION_MANAGER=local/Sciame-Server:@/tmp/.ICE-unix/6016,unix/Sciame-Server:/tmp/.ICE-unix/6016
USERNAME=attilio
XDG_CONFIG_DIRS=/etc/xdg/xdg-gnome:/etc/xdg
DESKTOP_SESSION=gnome
LIBGL_ALWAYS_INDIRECT=1
PATH=/opt/ros/fuerte/bin:/home/attilio/bin:/usr/local/sbin:/usr/local/bin:/usr/sbin:/usr/bin:/sbin:/bin:/usr/games
PWD=/home/attilio/RosSaettaVision/bin/exec
OLDPWDBAK=
GDM_KEYBOARD_LAYOUT=it
LANG=en_US.utf8
GNOME_KEYRING_PID=5998
MANDATORY_PATH=/usr/share/gconf/gnome.mandatory.path
GDM_LANG=en_US.utf8
GDMSESSION=gnome
SPEECHD_PORT=7561
SHLVL=1
HOME=/home/attilio
ROS_DISTRO=fuerte
GNOME_DESKTOP_SESSION_ID=this-is-deprecated
PYTHONPATH=/opt/ros/fuerte/lib/python2.6/dist-packages:
LOGNAME=attilio
XDG_DATA_DIRS=/usr/share/gnome:/usr/local/share/:/usr/share/
DBUS_SESSION_BUS_ADDRESS=unix:abstract=/tmp/dbus-3qe0DXBPl7,guid=bc7388b74bb09c03b663e21551094867
PKG_CONFIG_PATH=/opt/ros/fuerte/lib/pkgconfig:
LESSOPEN=| /usr/bin/lesspipe %s
CMAKE_PREFIX_PATH=/opt/ros/fuerte/share/catkin/cmake/Modules:/opt/ros/fuerte:
DISPLAY=:0.0
LESSCLOSE=/usr/bin/lesspipe %s %s
ROS_ETC_DIR=/opt/ros/fuerte/etc/ros
XAUTHORITY=/var/run/gdm/auth-for-attilio-J877qQ/database
COLORTERM=gnome-terminal
_=/usr/bin/env
